<?xml version="1.0" encoding="UTF-8"?>
<testsuite name="TestSuite" time="20.137" tests="7" errors="0" skipped="0" failures="4">
  <properties>
[...]
</properties>
  <testcase name="loginTest" classname="com.inetbanking.testCases.TC_LoginTest_001" time="1.854"/>
  <testcase name="loginDDT" classname="com.inetbanking.testCases.TC_LoginDDT_002" time="3.979"/>
  <testcase name="loginDDT" classname="com.inetbanking.testCases.TC_LoginDDT_002" time="7.649">
    <failure message="expected [true] but found [false]" type="java.lang.AssertionError">java.lang.AssertionError: expected [true] but found [false]
	at org.testng.Assert.fail(Assert.java:96)
	at org.testng.Assert.failNotEquals(Assert.java:776)
	at org.testng.Assert.assertTrue(Assert.java:44)
	at org.testng.Assert.assertTrue(Assert.java:54)
	at com.inetbanking.testCases.TC_LoginDDT_002.loginDDT(TC_LoginDDT_002.java:26)
</failure>
    <system-out><![CDATA[ INFO [main] (TC_LoginDDT_002.java:17)- username provided
 INFO [main] (TC_LoginDDT_002.java:19)- password provided
 WARN [main] (TC_LoginDDT_002.java:24)- login failed
 INFO [main] (BaseClass.java:62)- Screenshot taken
]]></system-out>
  </testcase>
  <testcase name="loginDDT" classname="com.inetbanking.testCases.TC_LoginDDT_002" time="3.17">
    <failure message="expected [true] but found [false]" type="java.lang.AssertionError">java.lang.AssertionError: expected [true] but found [false]
	at org.testng.Assert.fail(Assert.java:96)
	at org.testng.Assert.failNotEquals(Assert.java:776)
	at org.testng.Assert.assertTrue(Assert.java:44)
	at org.testng.Assert.assertTrue(Assert.java:54)
	at com.inetbanking.testCases.TC_LoginDDT_002.loginDDT(TC_LoginDDT_002.java:26)
</failure>
    <system-out><![CDATA[ INFO [main] (TC_LoginDDT_002.java:17)- username provided
 INFO [main] (TC_LoginDDT_002.java:19)- password provided
 WARN [main] (TC_LoginDDT_002.java:24)- login failed
 INFO [main] (BaseClass.java:62)- Screenshot taken
]]></system-out>
  </testcase>
  <testcase name="loginDDT" classname="com.inetbanking.testCases.TC_LoginDDT_002" time="6.961"/>
  <testcase name="loginDDT" classname="com.inetbanking.testCases.TC_LoginDDT_002" time="2.507">
    <failure message="expected [true] but found [false]" type="java.lang.AssertionError">java.lang.AssertionError: expected [true] but found [false]
	at org.testng.Assert.fail(Assert.java:96)
	at org.testng.Assert.failNotEquals(Assert.java:776)
	at org.testng.Assert.assertTrue(Assert.java:44)
	at org.testng.Assert.assertTrue(Assert.java:54)
	at com.inetbanking.testCases.TC_LoginDDT_002.loginDDT(TC_LoginDDT_002.java:26)
</failure>
    <system-out><![CDATA[ INFO [main] (TC_LoginDDT_002.java:17)- username provided
 INFO [main] (TC_LoginDDT_002.java:19)- password provided
 WARN [main] (TC_LoginDDT_002.java:24)- login failed
 INFO [main] (BaseClass.java:62)- Screenshot taken
]]></system-out>
  </testcase>
  <testcase name="addNewCustomer" classname="com.inetbanking.testCases.TC_AddCustomerTest_003" time="14.304">
    <failure type="junit.framework.AssertionFailedError:">junit.framework.AssertionFailedError: null
	at junit.framework.Assert.fail(Assert.java:47)
	at junit.framework.Assert.assertTrue(Assert.java:20)
	at junit.framework.Assert.assertTrue(Assert.java:27)
	at com.inetbanking.testCases.TC_AddCustomerTest_003.addNewCustomer(TC_AddCustomerTest_003.java:50)
</failure>
    <system-out><![CDATA[ INFO [main] (TC_AddCustomerTest_003.java:16)- Username is provided
 INFO [main] (TC_AddCustomerTest_003.java:18)- Password is provided
 INFO [main] (TC_AddCustomerTest_003.java:20)- Clicked Submit
 INFO [main] (TC_AddCustomerTest_003.java:25)- Providing customer details
 INFO [main] (TC_AddCustomerTest_003.java:27)- Entered Customer Name
 INFO [main] (TC_AddCustomerTest_003.java:40)- Validation started
 INFO [main] (BaseClass.java:62)- Screenshot taken
 INFO [main] (TC_AddCustomerTest_003.java:48)- Captured screenshot
 INFO [main] (TC_AddCustomerTest_003.java:49)- User is not added successfully
]]></system-out>
    <system-err><![CDATA[Starting ChromeDriver 2.46.628402 (536cd7adbad73a3783fdc2cab92ab2ba7ec361e1) on port 45030
Only local connections are allowed.
Please protect ports used by ChromeDriver and related test frameworks to prevent access by malicious code.
Aug 04, 2019 7:33:11 AM org.openqa.selenium.remote.ProtocolHandshake createSession
INFO: Detected dialect: OSS
]]></system-err>
  </testcase>
</testsuite>