<?xml version="1.0" encoding="UTF-8"?>
<testng-results ignored="0" total="0" passed="0" failed="0" skipped="0">
  <reporter-output>
  </reporter-output>
  <suite started-at="2019-08-07T20:16:31Z" name="E-Banking" finished-at="2019-08-07T20:16:31Z" duration-ms="202">
    <groups>
    </groups>
    <test started-at="2019-08-07T20:16:31Z" name="Banking App Test" finished-at="2019-08-07T20:16:31Z" duration-ms="202">
      <class name="com.inetbanking.testCases.PractiseClass">
        <test-method is-config="true" signature="test()[pri:0, instance:com.inetbanking.testCases.PractiseClass@15761df8]" started-at="2019-08-07T20:16:31Z" name="test" finished-at="2019-08-07T20:16:31Z" duration-ms="11" status="PASS">
          <reporter-output>
          </reporter-output>
        </test-method> <!-- test -->
        <test-method is-config="true" signature="test()[pri:0, instance:com.inetbanking.testCases.PractiseClass2@6ab7a896]" started-at="2019-08-07T20:16:31Z" name="test" finished-at="2019-08-07T20:16:31Z" duration-ms="0" status="PASS">
          <reporter-output>
          </reporter-output>
        </test-method> <!-- test -->
        <test-method is-config="true" signature="test1()[pri:0, instance:com.inetbanking.testCases.PractiseClass@15761df8]" started-at="2019-08-07T20:16:31Z" name="test1" finished-at="2019-08-07T20:16:31Z" duration-ms="0" status="PASS">
          <reporter-output>
          </reporter-output>
        </test-method> <!-- test1 -->
        <test-method is-config="true" signature="test1()[pri:0, instance:com.inetbanking.testCases.PractiseClass2@6ab7a896]" started-at="2019-08-07T20:16:31Z" name="test1" finished-at="2019-08-07T20:16:31Z" duration-ms="0" status="PASS">
          <reporter-output>
          </reporter-output>
        </test-method> <!-- test1 -->
      </class> <!-- com.inetbanking.testCases.PractiseClass -->
    </test> <!-- Banking App Test -->
  </suite> <!-- E-Banking -->
</testng-results>
